Parsing /workspaces/langproc-2024-cw-Compile_me_maybe/compiler_tests/strings/search.c...
# DEBUG: primary_expression is an IDENTIFIER: x
# DEBUG: assignment_expression is a conditional_expression
# DEBUG: primary_expression is an IDENTIFIER: x
# DEBUG: primary_expression is an IDENTIFIER: c
# DEBUG: assignment_expression is a conditional_expression
# DEBUG: primary_expression is an IDENTIFIER: x
# DEBUG: assignment_expression is a conditional_expression
# DEBUG: primary_expression is an IDENTIFIER: x
# DEBUG: primary_expression is an IDENTIFIER: x
# DEBUG: primary_expression is an INT_CONSTANT: 1
# DEBUG: assignment_expression is a conditional_expression
# DEBUG: assignment_expression contains an assignment
# DEBUG: primary_expression is an INT_CONSTANT: 0
# DEBUG: assignment_expression is a conditional_expression
AST parsing complete
Printing parsed AST...
printing pointer declare
Printed parsed AST to: /workspaces/langproc-2024-cw-Compile_me_maybe/bin/output/strings/search/search.s.printed
Compiling parsed AST...
