Parsing /workspaces/langproc-2024-cw-Compile_me_maybe/compiler_tests/programs/fibonacci.c...
# DEBUG: primary_expression is an IDENTIFIER: x
# DEBUG: primary_expression is an INT_CONSTANT: 0
# DEBUG: assignment_expression is a conditional_expression
# DEBUG: primary_expression is an INT_CONSTANT: 0
# DEBUG: assignment_expression is a conditional_expression
# DEBUG: primary_expression is an IDENTIFIER: x
# DEBUG: primary_expression is an INT_CONSTANT: 1
# DEBUG: assignment_expression is a conditional_expression
# DEBUG: primary_expression is an INT_CONSTANT: 1
# DEBUG: assignment_expression is a conditional_expression
# DEBUG: primary_expression is an IDENTIFIER: fib
# DEBUG: primary_expression is an IDENTIFIER: x
# DEBUG: primary_expression is an INT_CONSTANT: 1
# DEBUG: assignment_expression is a conditional_expression
# DEBUG: primary_expression is an IDENTIFIER: fib
# DEBUG: primary_expression is an IDENTIFIER: x
# DEBUG: primary_expression is an INT_CONSTANT: 2
# DEBUG: assignment_expression is a conditional_expression
# DEBUG: assignment_expression is a conditional_expression
AST parsing complete
Printing parsed AST...
Printed parsed AST to: /workspaces/langproc-2024-cw-Compile_me_maybe/bin/output/programs/fibonacci/fibonacci.s.printed
Compiling parsed AST...
0fib
0fib
0Compiled to: /workspaces/langproc-2024-cw-Compile_me_maybe/bin/output/programs/fibonacci/fibonacci.s
