Parsing /workspaces/langproc-2024-cw-Compile_me_maybe/compiler_tests/struct/struct_two_members.c...
# DEBUG: primary_expression is an IDENTIFIER: g
# DEBUG: primary_expression is an INT_CONSTANT: 17
# DEBUG: assignment_expression is a conditional_expression
# DEBUG: assignment_expression contains an assignment
# DEBUG: primary_expression is an IDENTIFIER: g
# DEBUG: primary_expression is an INT_CONSTANT: 13
# DEBUG: assignment_expression is a conditional_expression
# DEBUG: assignment_expression contains an assignment
# DEBUG: primary_expression is an IDENTIFIER: g
# DEBUG: primary_expression is an IDENTIFIER: g
# DEBUG: assignment_expression is a conditional_expression
AST parsing complete
Printing parsed AST...
Printed parsed AST to: /workspaces/langproc-2024-cw-Compile_me_maybe/bin/output/struct/struct_two_members/struct_two_members.s.printed
Compiling parsed AST...
FindMem in Assign g
ParameterList check
Array Index: 
FindMem in Assign g
ParameterList check
Array Index: 
0Compiled to: /workspaces/langproc-2024-cw-Compile_me_maybe/bin/output/struct/struct_two_members/struct_two_members.s
