Parsing /workspaces/langproc-2024-cw-Compile_me_maybe/compiler_tests/functions/call_five_args_internal.c...
# DEBUG: primary_expression is an IDENTIFIER: a
# DEBUG: primary_expression is an IDENTIFIER: b
# DEBUG: primary_expression is an IDENTIFIER: c
# DEBUG: primary_expression is an IDENTIFIER: d
# DEBUG: primary_expression is an IDENTIFIER: e
# DEBUG: assignment_expression is a conditional_expression
# DEBUG: primary_expression is an IDENTIFIER: g
# DEBUG: primary_expression is an INT_CONSTANT: 1
# DEBUG: assignment_expression is a conditional_expression
# DEBUG: primary_expression is an INT_CONSTANT: 2
# DEBUG: assignment_expression is a conditional_expression
# DEBUG: primary_expression is an INT_CONSTANT: 3
# DEBUG: assignment_expression is a conditional_expression
# DEBUG: primary_expression is an INT_CONSTANT: 4
# DEBUG: assignment_expression is a conditional_expression
# DEBUG: primary_expression is an INT_CONSTANT: 5
# DEBUG: assignment_expression is a conditional_expression
# DEBUG: assignment_expression is a conditional_expression
AST parsing complete
Printing parsed AST...
Printed parsed AST to: /workspaces/langproc-2024-cw-Compile_me_maybe/bin/output/functions/call_five_args_internal/call_five_args_internal.s.printed
Compiling parsed AST...
0000g
Compiled to: /workspaces/langproc-2024-cw-Compile_me_maybe/bin/output/functions/call_five_args_internal/call_five_args_internal.s
