Parsing /workspaces/langproc-2024-cw-Compile_me_maybe/compiler_tests/local_var/dual_var.c...
# DEBUG: primary_expression is an IDENTIFIER: x
# DEBUG: primary_expression is an INT_CONSTANT: 1234
# DEBUG: assignment_expression is a conditional_expression
# DEBUG: assignment_expression contains an assignment
# DEBUG: primary_expression is an IDENTIFIER: y
# DEBUG: primary_expression is an IDENTIFIER: x
# DEBUG: assignment_expression is a conditional_expression
# DEBUG: assignment_expression contains an assignment
# DEBUG: primary_expression is an IDENTIFIER: y
# DEBUG: assignment_expression is a conditional_expression
AST parsing complete
Printing parsed AST...
Printed parsed AST to: /workspaces/langproc-2024-cw-Compile_me_maybe/bin/output/local_var/dual_var/dual_var.s.printed
Compiling parsed AST...
FindMem in Assign x
ParameterList check
Array Index: 
FindMem in Assign y
ParameterList check
Array Index: 
Compiled to: /workspaces/langproc-2024-cw-Compile_me_maybe/bin/output/local_var/dual_var/dual_var.s
