Parsing /workspaces/langproc-2024-cw-Compile_me_maybe/compiler_tests/array/index_expression.c...
# DEBUG: primary_expression is an INT_CONSTANT: 8
# DEBUG: primary_expression is an IDENTIFIER: i
# DEBUG: primary_expression is an INT_CONSTANT: 8
# DEBUG: assignment_expression is a conditional_expression
# DEBUG: assignment_expression contains an assignment
# DEBUG: primary_expression is an IDENTIFIER: i
# DEBUG: primary_expression is an INT_CONSTANT: 16
# DEBUG: assignment_expression is a conditional_expression
# DEBUG: primary_expression is an IDENTIFIER: i
# DEBUG: assignment_expression is a conditional_expression
# DEBUG: primary_expression is an IDENTIFIER: x
# DEBUG: primary_expression is an IDENTIFIER: i
# DEBUG: primary_expression is an INT_CONSTANT: 8
# DEBUG: assignment_expression is a conditional_expression
# DEBUG: primary_expression is an IDENTIFIER: i
# DEBUG: assignment_expression is a conditional_expression
# DEBUG: assignment_expression contains an assignment
# DEBUG: primary_expression is an IDENTIFIER: acc
# DEBUG: primary_expression is an INT_CONSTANT: 0
# DEBUG: assignment_expression is a conditional_expression
# DEBUG: assignment_expression contains an assignment
# DEBUG: primary_expression is an IDENTIFIER: i
# DEBUG: primary_expression is an INT_CONSTANT: 0
# DEBUG: assignment_expression is a conditional_expression
# DEBUG: assignment_expression contains an assignment
# DEBUG: primary_expression is an IDENTIFIER: i
# DEBUG: primary_expression is an INT_CONSTANT: 8
# DEBUG: assignment_expression is a conditional_expression
# DEBUG: primary_expression is an IDENTIFIER: i
# DEBUG: assignment_expression is a conditional_expression
# DEBUG: primary_expression is an IDENTIFIER: acc
# DEBUG: primary_expression is an IDENTIFIER: acc
# DEBUG: primary_expression is an IDENTIFIER: x
# DEBUG: primary_expression is an IDENTIFIER: i
# DEBUG: primary_expression is an INT_CONSTANT: 0
# DEBUG: assignment_expression is a conditional_expression
# DEBUG: assignment_expression is a conditional_expression
# DEBUG: assignment_expression contains an assignment
# DEBUG: primary_expression is an IDENTIFIER: acc
# DEBUG: assignment_expression is a conditional_expression
AST parsing complete
Printing parsed AST...
Printed parsed AST to: /workspaces/langproc-2024-cw-Compile_me_maybe/bin/output/array/index_expression/index_expression.s.printed
Compiling parsed AST...
FindMem in Assign i
ParameterList check
Array Index: 
0FindMem in Assign x
ParameterList check
Array Index: a5
FindMem in Assign acc
ParameterList check
Array Index: 
FindMem in Assign i
ParameterList check
Array Index: 
